Build started 03/11/2015 13:01:30.
     1>Project "C:\Users\cam2\Downloads\FunWithFlags3_0 (1)\FunWithFlags3_0\proj.win32\FunWithFlags3_0.vcxproj" on node 2 (Build target(s)).
     1>ClCompile:
         C:\Program Files (x86)\Microsoft Visual Studio 12.0\VC\bin\CL.exe /c /I"\cocos2d-x-3.8\cocos\audio\include" /I"\cocos2d-x-3.8\external" /I"\cocos2d-x-3.8\external\chipmunk\include\chipmunk" /I"\cocos2d-x-3.8\extensions" /I..\Classes /I.. /I"C:\cocos2d-x-3.8\cocos\2d\..\..\cocos\editor-support" /I"C:\cocos2d-x-3.8\cocos\2d\..\..\cocos" /I"C:\cocos2d-x-3.8\cocos\2d\..\..\cocos\platform" /I"C:\cocos2d-x-3.8\cocos\2d\..\..\cocos\platform\desktop" /I"C:\cocos2d-x-3.8\cocos\2d\..\..\external\glfw3\include\win32" /I"C:\cocos2d-x-3.8\cocos\2d\..\..\external\win32-specific\gles\include\OGLES" /I"C:\cocos2d-x-3.8\cocos\2d\..\..\external\freetype2\include\win32\freetype2" /I"C:\cocos2d-x-3.8\cocos\2d\..\..\external\freetype2\include\win32\\" /I"C:\cocos2d-x-3.8\cocos\2d\..\..\external" /ZI /nologo /W3 /WX- /MP /Od /Oy- /D WIN32 /D _WINDOWS /D _USE_MATH_DEFINES /D GL_GLEXT_PROTOTYPES /D CC_ENABLE_CHIPMUNK_INTEGRATION=1 /D COCOS2D_DEBUG=1 /D _CRT_SECURE_NO_WARNINGS /D _SCL_SECURE_NO_WARNINGS /D _VARIADIC_MAX=10 /D _USING_V110_SDK71_ /D _UNICODE /D UNICODE /Gm- /EHsc /RTC1 /MD /GS /fp:precise /Zc:wchar_t /Zc:forScope /Fo"Debug.win32\\" /Fd"Debug.win32\vc120.pdb" /Gd /TP /wd4267 /wd4251 /wd4244 /analyze- /errorReport:prompt ..\Classes\AppDelegate.cpp ..\Classes\HelloWorldScene.cpp ..\Classes\SecondScreen.cpp main.cpp
         AppDelegate.cpp
         HelloWorldScene.cpp
         SecondScreen.cpp
         main.cpp
     1>c:\users\cam2\downloads\funwithflags3_0 (1)\funwithflags3_0\classes\appdelegate.cpp(41): warning C4305: 'argument' : truncation from 'double' to 'float'
       ResourceCompile:
         C:\Program Files (x86)\Microsoft SDKs\Windows\v7.1A\bin\rc.exe /D _USING_V110_SDK71_ /D _UNICODE /D UNICODE /l"0x0409" /nologo /fo"Debug.win32\game.res" game.rc 
       PreLinkEvent:
         if not exist "C:\Users\cam2\Downloads\FunWithFlags3_0 (1)\FunWithFlags3_0\proj.win32\Debug.win32\" mkdir "C:\Users\cam2\Downloads\FunWithFlags3_0 (1)\FunWithFlags3_0\proj.win32\Debug.win32\"
         xcopy /Y /Q "\cocos2d-x-3.8\prebuilt\win32\*.*" "C:\Users\cam2\Downloads\FunWithFlags3_0 (1)\FunWithFlags3_0\proj.win32\Debug.win32\"
         
         :VCEnd
         60 File(s) copied
       Link:
         C:\Program Files (x86)\Microsoft Visual Studio 12.0\VC\bin\link.exe /ERRORREPORT:PROMPT /OUT:"C:\Users\cam2\Downloads\FunWithFlags3_0 (1)\FunWithFlags3_0\proj.win32\Debug.win32\FunWithFlags3_0.exe" /INCREMENTAL /NOLOGO /LIBPATH:"C:\Users\cam2\Downloads\FunWithFlags3_0 (1)\FunWithFlags3_0\proj.win32\Debug.win32\\" /LIBPATH:"C:\Users\cam2\Downloads\FunWithFlags3_0 (1)\FunWithFlags3_0\proj.win32\Debug.win32\\" opengl32.lib glew32.lib libzlib.lib libwebp.lib libiconv.lib freetype.lib winmm.lib ws2_32.lib kernel32.lib user32.lib gdi32.lib winspool.lib comdlg32.lib advapi32.lib shell32.lib ole32.lib oleaut32.lib uuid.lib odbc32.lib odbccp32.lib /MANIFEST /MANIFESTUAC:"level='asInvoker' uiAccess='false'" /manifest:embed /DEBUG /PDB:"C:\Users\cam2\Downloads\FunWithFlags3_0 (1)\FunWithFlags3_0\proj.win32\Debug.win32\FunWithFlags3_0.pdb" /SUBSYSTEM:WINDOWS,"5.01" /TLBID:1 /DYNAMICBASE /NXCOMPAT /IMPLIB:"C:\Users\cam2\Downloads\FunWithFlags3_0 (1)\FunWithFlags3_0\proj.win32\Debug.win32\FunWithFlags3_0.lib" /MACHINE:X86 /SAFESEH Debug.win32\game.res
         Debug.win32\AppDelegate.obj
         Debug.win32\HelloWorldScene.obj
         Debug.win32\SecondScreen.obj
         Debug.win32\main.obj
     1>AppDelegate.obj : warning LNK4075: ignoring '/EDITANDCONTINUE' due to '/SAFESEH' specification
            Creating library C:\Users\cam2\Downloads\FunWithFlags3_0 (1)\FunWithFlags3_0\proj.win32\Debug.win32\FunWithFlags3_0.lib and object C:\Users\cam2\Downloads\FunWithFlags3_0 (1)\FunWithFlags3_0\proj.win32\Debug.win32\FunWithFlags3_0.exp
         FunWithFlags3_0.vcxproj -> C:\Users\cam2\Downloads\FunWithFlags3_0 (1)\FunWithFlags3_0\proj.win32\Debug.win32\FunWithFlags3_0.exe
       CustomBuildStep:
         if not exist "C:\Users\cam2\Downloads\FunWithFlags3_0 (1)\FunWithFlags3_0\proj.win32\Debug.win32\" mkdir "C:\Users\cam2\Downloads\FunWithFlags3_0 (1)\FunWithFlags3_0\proj.win32\Debug.win32\"
         xcopy "C:\Users\cam2\Downloads\FunWithFlags3_0 (1)\FunWithFlags3_0\proj.win32\..\Resources" "C:\Users\cam2\Downloads\FunWithFlags3_0 (1)\FunWithFlags3_0\proj.win32\Debug.win32\" /D /E /I /F /Y
               
         :VCEnd
         C:\Users\cam2\Downloads\FunWithFlags3_0 (1)\FunWithFlags3_0\Resources\res\SecondScreen.csb -> C:\Users\cam2\Downloads\FunWithFlags3_0 (1)\FunWithFlags3_0\proj.win32\Debug.win32\res\SecondScreen.csb
         C:\Users\cam2\Downloads\FunWithFlags3_0 (1)\FunWithFlags3_0\Resources\res\StartScreen.csb -> C:\Users\cam2\Downloads\FunWithFlags3_0 (1)\FunWithFlags3_0\proj.win32\Debug.win32\res\StartScreen.csb
         C:\Users\cam2\Downloads\FunWithFlags3_0 (1)\FunWithFlags3_0\Resources\res\Default\Button_Disable.png -> C:\Users\cam2\Downloads\FunWithFlags3_0 (1)\FunWithFlags3_0\proj.win32\Debug.win32\res\Default\Button_Disable.png
         C:\Users\cam2\Downloads\FunWithFlags3_0 (1)\FunWithFlags3_0\Resources\res\Default\Button_Normal.png -> C:\Users\cam2\Downloads\FunWithFlags3_0 (1)\FunWithFlags3_0\proj.win32\Debug.win32\res\Default\Button_Normal.png
         C:\Users\cam2\Downloads\FunWithFlags3_0 (1)\FunWithFlags3_0\Resources\res\Default\Button_Press.png -> C:\Users\cam2\Downloads\FunWithFlags3_0 (1)\FunWithFlags3_0\proj.win32\Debug.win32\res\Default\Button_Press.png
         5 File(s) copied
     1>Done Building Project "C:\Users\cam2\Downloads\FunWithFlags3_0 (1)\FunWithFlags3_0\proj.win32\FunWithFlags3_0.vcxproj" (Build target(s)).

Build succeeded.

Time Elapsed 00:00:16.63
